2022-02-27 18:27:58,036 INFO o.a.j.u.JMeterUtils: Setting Locale to zh_CN
2022-02-27 18:27:58,118 INFO o.a.j.JMeter: Loading user properties from: /Users/zhaopengkang/Desktop/apache-jmeter-5.4.1/bin/user.properties
2022-02-27 18:27:58,119 INFO o.a.j.JMeter: Loading system properties from: /Users/zhaopengkang/Desktop/apache-jmeter-5.4.1/bin/system.properties
2022-02-27 18:27:58,128 INFO o.a.j.JMeter: Copyright (c) 1998-2021 The Apache Software Foundation
2022-02-27 18:27:58,128 INFO o.a.j.JMeter: Version 5.4.1
2022-02-27 18:27:58,128 INFO o.a.j.JMeter: java.version=1.8.0_311
2022-02-27 18:27:58,128 INFO o.a.j.JMeter: java.vm.name=Java HotSpot(TM) 64-Bit Server VM
2022-02-27 18:27:58,128 INFO o.a.j.JMeter: os.name=Mac OS X
2022-02-27 18:27:58,128 INFO o.a.j.JMeter: os.arch=x86_64
2022-02-27 18:27:58,128 INFO o.a.j.JMeter: os.version=10.16
2022-02-27 18:27:58,128 INFO o.a.j.JMeter: file.encoding=UTF-8
2022-02-27 18:27:58,128 INFO o.a.j.JMeter: java.awt.headless=null
2022-02-27 18:27:58,128 INFO o.a.j.JMeter: Max memory     =1073741824
2022-02-27 18:27:58,129 INFO o.a.j.JMeter: Available Processors =8
2022-02-27 18:27:58,134 INFO o.a.j.JMeter: Default Locale=English (EN)
2022-02-27 18:27:58,134 INFO o.a.j.JMeter: JMeter  Locale=Chinese (China)
2022-02-27 18:27:58,134 INFO o.a.j.JMeter: JMeterHome=/Users/zhaopengkang/Desktop/apache-jmeter-5.4.1
2022-02-27 18:27:58,134 INFO o.a.j.JMeter: user.dir  =/Users/zhaopengkang/Desktop/AutoTest
2022-02-27 18:27:58,134 INFO o.a.j.JMeter: PWD       =/Users/zhaopengkang/Desktop/AutoTest
2022-02-27 18:27:58,198 INFO o.a.j.JMeter: IP: 192.168.0.103 Name: xiaokang FullName: 192.168.0.103
2022-02-27 18:27:58,867 INFO o.a.j.JMeter: Setting LAF to: com.github.weisj.darklaf.DarkLaf:com.github.weisj.darklaf.theme.DarculaTheme
2022-02-27 18:28:01,651 INFO o.a.j.JMeter: Loaded icon properties from org/apache/jmeter/images/icon.properties
